<?xml version="1.0" encoding="UTF-8"?>
<!-- Generated by org.testng.reporters.JUnitXMLReporter -->
<testsuite ignored="0" hostname="LAPTOP-JEHMIHE9" failures="0" tests="3" name="Default test" time="0.101" errors="0" timestamp="2023-09-16T15:40:18 IST">
  <testcase classname="testNgFreamework.BeforeTestCases" name="t3" time="0.014"/>
  <testcase classname="testNgFreamework.BeforeTestCases" name="t2" time="0.003"/>
  <testcase classname="testNgFreamework.BeforeTestCases" name="t1" time="0.003"/>
</testsuite> <!-- Default test -->
