<?xml version="1.0" encoding="UTF-8"?>
<testng-results ignored="0" total="3" passed="3" failed="0" skipped="0">
  <reporter-output>
  </reporter-output>
  <suite started-at="2023-09-16T15:40:18 IST" name="Default suite" finished-at="2023-09-16T15:40:18 IST" duration-ms="101">
    <groups>
    </groups>
    <test started-at="2023-09-16T15:40:18 IST" name="Default test" finished-at="2023-09-16T15:40:18 IST" duration-ms="101">
      <class name="testNgFreamework.BeforeTestCases">
        <test-method is-config="true" signature="beforeSuit()[pri:0, instance:testNgFreamework.BeforeTestCases@5c30a9b0]" started-at="2023-09-16T15:40:17 IST" name="beforeSuit" finished-at="2023-09-16T15:40:18 IST" duration-ms="15" status="PASS">
          <reporter-output>
          </reporter-output>
        </test-method> <!-- beforeSuit -->
        <test-method is-config="true" signature="beforeTest()[pri:0, instance:testNgFreamework.BeforeTestCases@5c30a9b0]" started-at="2023-09-16T15:40:18 IST" name="beforeTest" finished-at="2023-09-16T15:40:18 IST" duration-ms="2" status="PASS">
          <reporter-output>
          </reporter-output>
        </test-method> <!-- beforeTest -->
        <test-method is-config="true" signature="beforeClass()[pri:0, instance:testNgFreamework.BeforeTestCases@5c30a9b0]" started-at="2023-09-16T15:40:18 IST" name="beforeClass" finished-at="2023-09-16T15:40:18 IST" duration-ms="1" status="PASS">
          <reporter-output>
          </reporter-output>
        </test-method> <!-- beforeClass -->
        <test-method is-config="true" signature="beforeMethod()[pri:0, instance:testNgFreamework.BeforeTestCases@5c30a9b0]" started-at="2023-09-16T15:40:18 IST" name="beforeMethod" finished-at="2023-09-16T15:40:18 IST" duration-ms="1" status="PASS">
          <reporter-output>
          </reporter-output>
        </test-method> <!-- beforeMethod -->
        <test-method signature="t3()[pri:0, instance:testNgFreamework.BeforeTestCases@5c30a9b0]" started-at="2023-09-16T15:40:18 IST" name="t3" finished-at="2023-09-16T15:40:18 IST" duration-ms="14" status="PASS">
          <reporter-output>
          </reporter-output>
        </test-method> <!-- t3 -->
        <test-method is-config="true" signature="beforeMethod()[pri:0, instance:testNgFreamework.BeforeTestCases@5c30a9b0]" started-at="2023-09-16T15:40:18 IST" name="beforeMethod" finished-at="2023-09-16T15:40:18 IST" duration-ms="2" status="PASS">
          <reporter-output>
          </reporter-output>
        </test-method> <!-- beforeMethod -->
        <test-method signature="t2()[pri:1, instance:testNgFreamework.BeforeTestCases@5c30a9b0]" started-at="2023-09-16T15:40:18 IST" name="t2" finished-at="2023-09-16T15:40:18 IST" duration-ms="3" status="PASS">
          <reporter-output>
          </reporter-output>
        </test-method> <!-- t2 -->
        <test-method is-config="true" signature="beforeMethod()[pri:0, instance:testNgFreamework.BeforeTestCases@5c30a9b0]" started-at="2023-09-16T15:40:18 IST" name="beforeMethod" finished-at="2023-09-16T15:40:18 IST" duration-ms="1" status="PASS">
          <reporter-output>
          </reporter-output>
        </test-method> <!-- beforeMethod -->
        <test-method signature="t1()[pri:2, instance:testNgFreamework.BeforeTestCases@5c30a9b0]" started-at="2023-09-16T15:40:18 IST" name="t1" finished-at="2023-09-16T15:40:18 IST" duration-ms="3" status="PASS">
          <reporter-output>
          </reporter-output>
        </test-method> <!-- t1 -->
        <test-method is-config="true" signature="afterClass()[pri:0, instance:testNgFreamework.BeforeTestCases@5c30a9b0]" started-at="2023-09-16T15:40:18 IST" name="afterClass" finished-at="2023-09-16T15:40:18 IST" duration-ms="1" status="PASS">
          <reporter-output>
          </reporter-output>
        </test-method> <!-- afterClass -->
        <test-method is-config="true" signature="AfterTest()[pri:0, instance:testNgFreamework.BeforeTestCases@5c30a9b0]" started-at="2023-09-16T15:40:18 IST" name="AfterTest" finished-at="2023-09-16T15:40:18 IST" duration-ms="1" status="PASS">
          <reporter-output>
          </reporter-output>
        </test-method> <!-- AfterTest -->
      </class> <!-- testNgFreamework.BeforeTestCases -->
    </test> <!-- Default test -->
  </suite> <!-- Default suite -->
</testng-results>
